2016.12.26 10:49:09  INFO : 数据加载开始【2016-12-26 10:49:09】
 2016.12.26 10:49:09  INFO : 开始扫描文件，ftp上传文件夹路径：C:\FTP上传\dasData
 2016.12.26 10:49:09  INFO : 完成文件扫描，0个文件需要被加载。
 2016.12.26 10:49:09  INFO : 数据加载结束【2016-12-26 10:49:09】
 2016.12.26 10:49:41  INFO : 数据加载开始【2016-12-26 10:49:41】
 2016.12.26 10:49:41  INFO : 开始扫描文件，ftp上传文件夹路径：C:\FTP上传\dasData
 2016.12.26 10:49:41  INFO : 完成文件扫描，0个文件需要被加载。
 2016.12.26 10:49:41  INFO : 数据加载结束【2016-12-26 10:49:41】
 2016.12.26 10:50:09  INFO : 数据清除开始。
 2016.12.26 10:50:09  INFO : 数据清除结束。
 2016.12.26 10:50:41  INFO : 数据清除开始。
 2016.12.26 10:50:41  INFO : 数据清除结束。
 2016.12.26 10:51:09  INFO : 日志清除开始。
 2016.12.26 10:51:09  INFO : 日志清除结束。
 2016.12.26 10:51:41  INFO : 日志清除开始。
 2016.12.26 10:51:41  INFO : 日志清除结束。
 2016.12.26 10:52:10  INFO : 数据加载开始【2016-12-26 10:52:10】
 2016.12.26 10:52:10  INFO : 开始扫描文件，ftp上传文件夹路径：C:\FTP上传\dasData
 2016.12.26 10:52:10  INFO : 完成文件扫描，0个文件需要被加载。
 2016.12.26 10:52:10  INFO : 数据加载结束【2016-12-26 10:52:10】
 2016.12.26 10:52:42  INFO : 数据加载开始【2016-12-26 10:52:42】
 2016.12.26 10:52:42  INFO : 开始扫描文件，ftp上传文件夹路径：C:\FTP上传\dasData
 2016.12.26 10:52:42  INFO : 完成文件扫描，0个文件需要被加载。
 2016.12.26 10:52:42  INFO : 数据加载结束【2016-12-26 10:52:42】
 2016.12.26 10:53:10  INFO : 数据清除开始。
 2016.12.26 10:53:10  INFO : 数据清除结束。
 2016.12.26 10:53:42  INFO : 数据清除开始。
 2016.12.26 10:53:42  INFO : 数据清除结束。
 2016.12.26 10:54:10  INFO : 日志清除开始。
 2016.12.26 10:54:10  INFO : 日志清除结束。
 2016.12.26 10:54:42  INFO : 日志清除开始。
 2016.12.26 10:54:42  INFO : 日志清除结束。
 2016.12.26 10:55:11  INFO : 数据加载开始【2016-12-26 10:55:11】
 2016.12.26 10:55:11  INFO : 开始扫描文件，ftp上传文件夹路径：C:\FTP上传\dasData
 2016.12.26 10:55:11  INFO : 完成文件扫描，0个文件需要被加载。
 2016.12.26 10:55:11  INFO : 数据加载结束【2016-12-26 10:55:11】
 2016.12.26 10:55:43  INFO : 数据加载开始【2016-12-26 10:55:43】
 2016.12.26 10:55:43  INFO : 开始扫描文件，ftp上传文件夹路径：C:\FTP上传\dasData
 2016.12.26 10:55:43  INFO : 完成文件扫描，0个文件需要被加载。
 2016.12.26 10:55:43  INFO : 数据加载结束【2016-12-26 10:55:43】
 2016.12.26 10:56:11  INFO : 数据清除开始。
 2016.12.26 10:56:11  INFO : 数据清除结束。
 2016.12.26 10:56:43  INFO : 数据清除开始。
 2016.12.26 10:56:43  INFO : 数据清除结束。
 2016.12.26 10:57:11  INFO : 日志清除开始。
 2016.12.26 10:57:11  INFO : 日志清除结束。
 2016.12.26 10:57:43  INFO : 日志清除开始。
 2016.12.26 10:57:43  INFO : 日志清除结束。
 2016.12.26 10:58:12  INFO : 数据加载开始【2016-12-26 10:58:12】
 2016.12.26 10:58:12  INFO : 开始扫描文件，ftp上传文件夹路径：C:\FTP上传\dasData
 2016.12.26 10:58:12  INFO : 完成文件扫描，0个文件需要被加载。
 2016.12.26 10:58:12  INFO : 数据加载结束【2016-12-26 10:58:12】
 2016.12.26 10:58:44  INFO : 数据加载开始【2016-12-26 10:58:44】
 2016.12.26 10:58:44  INFO : 开始扫描文件，ftp上传文件夹路径：C:\FTP上传\dasData
 2016.12.26 10:58:44  INFO : 完成文件扫描，0个文件需要被加载。
 2016.12.26 10:58:44  INFO : 数据加载结束【2016-12-26 10:58:44】
 2016.12.26 10:59:12  INFO : 数据清除开始。
 2016.12.26 10:59:12  INFO : 数据清除结束。
 2016.12.26 10:59:44  INFO : 数据清除开始。
 2016.12.26 10:59:44  INFO : 数据清除结束。
 